Internal PRMS Caller	   call_modules.f90, version: 5628 2013-04-24 21:35:47Z
Basin Definition           basin.f90, version: 5632 2013-04-25 18:28:20Z
Cascading Flow             cascade.f90, version: 5598 2013-04-23 18:35:03Z
States and Fluxes          climateflow.f90, version: 5642 2013-04-25 22:34:21Z
Potential Solar Radiation  soltab.f90, version: 5600 2013-04-23 18:36:27Z
Time Series Data           obs.f90, version: 5608 2013-04-23 18:46:44Z
Precipitation Distribution precip_1sta.f90, version: 5604 2013-04-23 18:44:41Z
Solar Radiation            ddsolrad.f90, version: 5592 2013-04-23 18:26:23Z
Transpiration Period       transp_tindex.f90, version: 5594 2013-04-23 18:29:59Z
Potential ET               potet_jh.f90, version: 5660 2013-04-30 20:14:42Z
Canopy Interception        intcp.f90, version: 5613 2013-04-23 18:55:35Z
Snow Computations          snowcomp.f90, version: 5600 2013-04-23 18:36:27Z
Surface Runoff             srunoff_smidx.f90, version: 5609 2013-04-23 18:48:02Z
Soil Zone Computations     soilzone.f90, version: 5532 2013-03-25 21:49:54Z
Groundwater Flow           gwflow.f90, version: 5633 2013-04-25 18:34:59Z
Streamflow Routing         strmflow.f90, version: 5528 2013-03-22 21:54:44Z
Summary                    basin_sum.f90, version: 5636 2013-04-25 19:22:28Z
Summary                    subbasin.f90, version: 5595 2013-04-23 18:31:27Z


 Surface Water and Energy Budgets Simulated by PRMS Version 3.0.5632 2013-04-25
 Start time: 2002/10/01 00:00:00
 End time:   2010/09/30 00:00:00
 Sum of HRU areas:    11623.82 Active basin area:     5866.27
 Impervious basin area:        0.00 Pervious basin area:        1.00


1  Year Month Day   Precip     ET    Storage S-Runoff M-Runoff
                  (inches) (inches) (inches) (inches) (inches)
 -------------------------------------------------------------
   2003             21.168   14.793    1.988    9.022    5.958
   2004             18.646   13.408    2.147    5.104    5.147
   2005             33.126   14.383    3.169   17.744   20.252
   2006             20.841   14.479    2.075    7.480    8.437
   2007             14.722   11.709    2.163    2.952    4.104
   2008             17.350   12.415    2.016    5.106    4.432
   2009             24.059   14.386    2.459    9.255    7.552
   2010             20.983   13.259    1.914    8.292    5.999
 *************************************************************
 Total for run     170.894  108.833    1.914   64.954   61.880
